<?xml version="1.0" encoding="UTF-8"?>
<testsuite xmlns:xsi="http://www.w3.org/2001/XMLSchema-instance" xsi:noNamespaceSchemaLocation="https://maven.apache.org/surefire/maven-surefire-plugin/xsd/surefire-test-report.xsd" version="3.0.2" name="sg.edu.nus.iss.d13revision.D13revisionApplicationTests" time="1.179" tests="1" errors="0" skipped="0" failures="0">
  <properties>
[...]
</properties>
  <testcase name="contextLoads" classname="sg.edu.nus.iss.d13revision.D13revisionApplicationTests" time="0.429">
    <system-out><![CDATA[12:00:15.002 [main] INFO org.springframework.test.context.support.AnnotationConfigContextLoaderUtils -- Could not detect default configuration classes for test class [sg.edu.nus.iss.d13revision.D13revisionApplicationTests]: D13revisionApplicationTests does not declare any static, non-private, non-final, nested classes annotated with @Configuration.
12:00:15.046 [main] INFO org.springframework.boot.test.context.SpringBootTestContextBootstrapper -- Found @SpringBootConfiguration sg.edu.nus.iss.d13revision.D13revisionApplication for test class sg.edu.nus.iss.d13revision.D13revisionApplicationTests
12:00:15.107 [main] INFO org.springframework.boot.devtools.restart.RestartApplicationListener -- Restart disabled due to context in which it is running

  .   ____          _            __ _ _
 /\\ / ___'_ __ _ _(_)_ __  __ _ \ \ \ \
( ( )\___ | '_ | '_| | '_ \/ _` | \ \ \ \
 \\/  ___)| |_)| | | | | || (_| |  ) ) ) )
  '  |____| .__|_| |_|_| |_\__, | / / / /
 =========|_|==============|___/=/_/_/_/

 :: Spring Boot ::                (v3.4.2)

2025-08-20T12:00:15.217+08:00  INFO 75597 --- [           main] s.e.n.i.d.D13revisionApplicationTests    : Starting D13revisionApplicationTests using Java 21.0.5 with PID 75597 (started by yangzhicheng in /Users/yangzhicheng/Desktop/yzc/codes/cicd-test)
2025-08-20T12:00:15.217+08:00  INFO 75597 --- [           main] s.e.n.i.d.D13revisionApplicationTests    : No active profile set, falling back to 1 default profile: "default"
2025-08-20T12:00:15.563+08:00  INFO 75597 --- [           main] o.s.b.a.w.s.WelcomePageHandlerMapping    : Adding welcome page template: index
2025-08-20T12:00:15.666+08:00  INFO 75597 --- [           main] s.e.n.i.d.D13revisionApplicationTests    : Started D13revisionApplicationTests in 0.564 seconds (process running for 0.978)
]]></system-out>
    <system-err><![CDATA[Mockito is currently self-attaching to enable the inline-mock-maker. This will no longer work in future releases of the JDK. Please add Mockito as an agent to your build what is described in Mockito's documentation: https://javadoc.io/doc/org.mockito/mockito-core/latest/org/mockito/Mockito.html#0.3
WARNING: A Java agent has been loaded dynamically (/Users/yangzhicheng/.m2/repository/net/bytebuddy/byte-buddy-agent/1.15.11/byte-buddy-agent-1.15.11.jar)
WARNING: If a serviceability tool is in use, please run with -XX:+EnableDynamicAgentLoading to hide this warning
WARNING: If a serviceability tool is not in use, please run with -Djdk.instrument.traceUsage for more information
WARNING: Dynamic loading of agents will be disallowed by default in a future release
]]></system-err>
  </testcase>
</testsuite>